<?xml version="1.0" encoding="UTF-8"?>
<!-- Generated by org.testng.reporters.JUnitXMLReporter -->
<testsuite hostname="DESKTOP-3HM3893" ignored="18" name="Default test" tests="1" failures="0" timestamp="04 May 2020 10:42:08 GMT" time="67.915" errors="0">
  <testcase name="linkCheck_SegwaysTest" time="44.592" classname="com.qa.hover.test.CategoryLinkCheckPage3Test"/>
  <testcase name="linkCheck_Self_Balancing_ScooterTest" time="0.0" classname="com.qa.hover.test.CategoryLinkCheckPage3Test">
    <ignored/>
  </testcase> <!-- linkCheck_Self_Balancing_ScooterTest -->
  <testcase name="linkCheck_HoverBoard_OffRoad85Test" time="0.0" classname="com.qa.hover.test.CategoryLinkCheckPage3Test">
    <ignored/>
  </testcase> <!-- linkCheck_HoverBoard_OffRoad85Test -->
  <testcase name="linkCheck_Adjustable_cartTest" time="0.0" classname="com.qa.hover.test.CategoryLinkCheckPage3Test">
    <ignored/>
  </testcase> <!-- linkCheck_Adjustable_cartTest -->
  <testcase name="linkCheck_Hoverboard_BlueTest" time="0.0" classname="com.qa.hover.test.CategoryLinkCheckPage3Test">
    <ignored/>
  </testcase> <!-- linkCheck_Hoverboard_BlueTest -->
  <testcase name="linkCheck_Hoverboard_CheapTest" time="0.0" classname="com.qa.hover.test.CategoryLinkCheckPage3Test">
    <ignored/>
  </testcase> <!-- linkCheck_Hoverboard_CheapTest -->
  <testcase name="linkCheck_AccessoriesTest" time="0.0" classname="com.qa.hover.test.CategoryLinkCheckPage3Test">
    <ignored/>
  </testcase> <!-- linkCheck_AccessoriesTest -->
  <testcase name="linkCheck_Hoverboard_GoldTest" time="0.0" classname="com.qa.hover.test.CategoryLinkCheckPage3Test">
    <ignored/>
  </testcase> <!-- linkCheck_Hoverboard_GoldTest -->
  <testcase name="linkCheck_HoverBoard8InchTest" time="0.0" classname="com.qa.hover.test.CategoryLinkCheckPage3Test">
    <ignored/>
  </testcase> <!-- linkCheck_HoverBoard8InchTest -->
  <testcase name="linkCheck_10InchHoverBoardTest" time="0.0" classname="com.qa.hover.test.CategoryLinkCheckPage3Test">
    <ignored/>
  </testcase> <!-- linkCheck_10InchHoverBoardTest -->
  <testcase name="linkCheck_HoverBoard_GraffitiTest" time="0.0" classname="com.qa.hover.test.CategoryLinkCheckPage3Test">
    <ignored/>
  </testcase> <!-- linkCheck_HoverBoard_GraffitiTest -->
  <testcase name="linkCheck_HoverBoard_HabdleBarTest" time="0.0" classname="com.qa.hover.test.CategoryLinkCheckPage3Test">
    <ignored/>
  </testcase> <!-- linkCheck_HoverBoard_HabdleBarTest -->
  <testcase name="linkCheck_HoverBoard_WhiteTest" time="0.0" classname="com.qa.hover.test.CategoryLinkCheckPage3Test">
    <ignored/>
  </testcase> <!-- linkCheck_HoverBoard_WhiteTest -->
  <testcase name="linkCheck_HoverBoard_ChargerTest" time="0.0" classname="com.qa.hover.test.CategoryLinkCheckPage3Test">
    <ignored/>
  </testcase> <!-- linkCheck_HoverBoard_ChargerTest -->
  <testcase name="linkCheck_HoverBoard_RedTest" time="0.0" classname="com.qa.hover.test.CategoryLinkCheckPage3Test">
    <ignored/>
  </testcase> <!-- linkCheck_HoverBoard_RedTest -->
  <testcase name="linkCheck_Hoverboard_BlackTest" time="0.0" classname="com.qa.hover.test.CategoryLinkCheckPage3Test">
    <ignored/>
  </testcase> <!-- linkCheck_Hoverboard_BlackTest -->
  <testcase name="linkCheck_65InchHoverBoardTest" time="0.0" classname="com.qa.hover.test.CategoryLinkCheckPage3Test">
    <ignored/>
  </testcase> <!-- linkCheck_65InchHoverBoardTest -->
  <testcase name="LinkCheck_AllCategory" time="0.0" classname="com.qa.hover.test.CategoryLinkCheckPage3Test">
    <ignored/>
  </testcase> <!-- LinkCheck_AllCategory -->
  <testcase name="linkCheck_HoverBoard_9InchTest" time="0.0" classname="com.qa.hover.test.CategoryLinkCheckPage3Test">
    <ignored/>
  </testcase> <!-- linkCheck_HoverBoard_9InchTest -->
</testsuite> <!-- Default test -->
