<?xml version="1.0" encoding="UTF-8"?>
<!-- Generated by org.testng.reporters.JUnitXMLReporter -->
<testsuite hostname="DESKTOP-3HM3893" ignored="0" name="Default test" tests="4" failures="0" timestamp="26 Apr 2020 10:33:18 GMT" time="36.085" errors="0">
  <testcase name="SearchForHoverBoardtest" time="7.204" classname="com.qa.hover.test.TaskPage1Test"/>
  <testcase name="printAllHoverBoardValueAndPriceTest" time="5.924" classname="com.qa.hover.test.TaskPage1Test"/>
  <testcase name="lowestValueHoverBoardNameTest" time="2.294" classname="com.qa.hover.test.TaskPage1Test"/>
  <testcase name="highestValueHoverBoardNameTest" time="2.431" classname="com.qa.hover.test.TaskPage1Test"/>
</testsuite> <!-- Default test -->
