<?xml version="1.0" encoding="UTF-8"?>
<testng-results skipped="0" failed="0" ignored="0" total="1" passed="1">
  <reporter-output>
  </reporter-output>
  <suite name="Default suite" duration-ms="38095" started-at="2020-05-03T08:15:30Z" finished-at="2020-05-03T08:16:08Z">
    <groups>
    </groups>
    <test name="Default test" duration-ms="38095" started-at="2020-05-03T08:15:30Z" finished-at="2020-05-03T08:16:08Z">
      <class name="com.qa.hover.test.testclass">
        <test-method status="PASS" signature="setUp()[pri:0, instance:com.qa.hover.test.testclass@724af044]" name="setUp" is-config="true" duration-ms="30277" started-at="2020-05-03T20:15:30Z" finished-at="2020-05-03T20:16:01Z">
          <reporter-output>
          </reporter-output>
        </test-method> <!-- setUp -->
        <test-method status="PASS" signature="test1()[pri:0, instance:com.qa.hover.test.testclass@724af044]" name="test1" duration-ms="7031" started-at="2020-05-03T20:16:01Z" finished-at="2020-05-03T20:16:08Z">
          <reporter-output>
          </reporter-output>
        </test-method> <!-- test1 -->
        <test-method status="PASS" signature="tearDown()[pri:0, instance:com.qa.hover.test.testclass@724af044]" name="tearDown" is-config="true" duration-ms="762" started-at="2020-05-03T20:16:08Z" finished-at="2020-05-03T20:16:08Z">
          <reporter-output>
          </reporter-output>
        </test-method> <!-- tearDown -->
      </class> <!-- com.qa.hover.test.testclass -->
    </test> <!-- Default test -->
  </suite> <!-- Default suite -->
</testng-results>
