<?xml version="1.0" encoding="UTF-8"?>
<testng-results skipped="0" failed="0" ignored="0" total="4" passed="4">
  <reporter-output>
  </reporter-output>
  <suite name="Default suite" duration-ms="36085" started-at="2020-04-26T10:32:42Z" finished-at="2020-04-26T10:33:18Z">
    <groups>
    </groups>
    <test name="Default test" duration-ms="36085" started-at="2020-04-26T10:32:42Z" finished-at="2020-04-26T10:33:18Z">
      <class name="com.qa.hover.test.TaskPage1Test">
        <test-method status="PASS" signature="setUp()[pri:0, instance:com.qa.hover.test.TaskPage1Test@1593948d]" name="setUp" is-config="true" duration-ms="17461" started-at="2020-04-26T22:32:42Z" finished-at="2020-04-26T22:32:59Z">
          <reporter-output>
          </reporter-output>
        </test-method> <!-- setUp -->
        <test-method status="PASS" signature="SearchForHoverBoardtest()[pri:1, instance:com.qa.hover.test.TaskPage1Test@1593948d]" name="SearchForHoverBoardtest" duration-ms="7204" started-at="2020-04-26T22:32:59Z" finished-at="2020-04-26T22:33:07Z">
          <reporter-output>
          </reporter-output>
        </test-method> <!-- SearchForHoverBoardtest -->
        <test-method status="PASS" signature="printAllHoverBoardValueAndPriceTest()[pri:2, instance:com.qa.hover.test.TaskPage1Test@1593948d]" name="printAllHoverBoardValueAndPriceTest" duration-ms="5924" started-at="2020-04-26T22:33:07Z" finished-at="2020-04-26T22:33:12Z">
          <reporter-output>
          </reporter-output>
        </test-method> <!-- printAllHoverBoardValueAndPriceTest -->
        <test-method status="PASS" signature="lowestValueHoverBoardNameTest()[pri:3, instance:com.qa.hover.test.TaskPage1Test@1593948d]" name="lowestValueHoverBoardNameTest" duration-ms="2294" started-at="2020-04-26T22:33:12Z" finished-at="2020-04-26T22:33:15Z">
          <reporter-output>
          </reporter-output>
        </test-method> <!-- lowestValueHoverBoardNameTest -->
        <test-method status="PASS" signature="highestValueHoverBoardNameTest()[pri:4, instance:com.qa.hover.test.TaskPage1Test@1593948d]" name="highestValueHoverBoardNameTest" duration-ms="2431" started-at="2020-04-26T22:33:15Z" finished-at="2020-04-26T22:33:17Z">
          <reporter-output>
          </reporter-output>
        </test-method> <!-- highestValueHoverBoardNameTest -->
        <test-method status="PASS" signature="tearDown()[pri:0, instance:com.qa.hover.test.TaskPage1Test@1593948d]" name="tearDown" is-config="true" duration-ms="748" started-at="2020-04-26T22:33:17Z" finished-at="2020-04-26T22:33:18Z">
          <reporter-output>
          </reporter-output>
        </test-method> <!-- tearDown -->
      </class> <!-- com.qa.hover.test.TaskPage1Test -->
    </test> <!-- Default test -->
  </suite> <!-- Default suite -->
</testng-results>
